<?xml version="1.0" encoding="UTF-8"?>
<!-- Generated by org.testng.reporters.JUnitXMLReporter -->
<testsuite hostname="LAPTOP-ABL98QD3" ignored="0" name="Test" tests="4" failures="1" timestamp="2024-01-18T22:40:36 IST" time="18.064" errors="0">
  <testcase name="GoogleTest" time="3.337" classname="com.Tests.LandingPageTest">
    <skipped/>
  </testcase> <!-- GoogleTest -->
  <testcase name="GoogleTest" time="1.877" classname="com.Tests.LandingPageTest">
    <skipped/>
  </testcase> <!-- GoogleTest -->
  <testcase name="GoogleTest" time="2.955" classname="com.Tests.LandingPageTest">
    <skipped/>
  </testcase> <!-- GoogleTest -->
  <testcase name="GoogleTest" time="1.667" classname="com.Tests.LandingPageTest">
    <failure type="java.lang.AssertionError" message="expected [true] but found [false]">
      <![CDATA[java.lang.AssertionError: expected [true] but found [false]
at com.Pages.GoogleSearch.searchSomething(GoogleSearch.java:36)
at com.Tests.LandingPageTest.GoogleTest(LandingPageTest.java:46)
at java.util.ArrayList.forEach(Unknown Source)
... Removed 31 stack frames]]>
    </failure>
  </testcase> <!-- GoogleTest -->
</testsuite> <!-- Test -->
